tests/test_simulation.py:17: error: Unused "type: ignore" comment  [unused-ignore]
tests/test_schema_models.py:23: error: Unused "type: ignore" comment  [unused-ignore]
tests/test_schema_edge_cases.py:21: error: Unused "type: ignore" comment  [unused-ignore]
tests/test_revision.py:47: error: Unused "type: ignore" comment  [unused-ignore]
tests/test_revision.py:52: error: Unused "type: ignore" comment  [unused-ignore]
tests/test_revision.py:57: error: Unused "type: ignore" comment  [unused-ignore]
tests/test_judge_complex.py:18: error: Unused "type: ignore" comment  [unused-ignore]
tests/test_judge.py:20: error: Unused "type: ignore" comment  [unused-ignore]
tests/test_judge.py:25: error: Unused "type: ignore" comment  [unused-ignore]
tests/test_references.py:82: error: Unused "type: ignore" comment  [unused-ignore]
tests/test_defaults_integration.py:18: error: Unused "type: ignore" comment  [unused-ignore]
tests/test_archive_filtering.py:18: error: Unused "type: ignore" comment  [unused-ignore]
tests/test_archive_filtering.py:72: error: Unused "type: ignore" comment  [unused-ignore]
tests/test_archive.py:20: error: Unused "type: ignore" comment  [unused-ignore]
tests/test_user_stories.py:29: error: Unused "type: ignore" comment  [unused-ignore]
tests/test_user_stories.py:34: error: Unused "type: ignore" comment  [unused-ignore]
tests/test_user_stories.py:39: error: Unused "type: ignore" comment  [unused-ignore]
tests/test_large_payloads.py:24: error: Unused "type: ignore" comment  [unused-ignore]
tests/test_core_complex.py:26: error: Unused "type: ignore" comment  [unused-ignore]
tests/test_core_complex.py:31: error: Unused "type: ignore" comment  [unused-ignore]
tests/test_core_complex.py:36: error: Unused "type: ignore" comment  [unused-ignore]
tests/test_core_complex.py:41: error: Unused "type: ignore" comment  [unused-ignore]
tests/test_core_complex.py:46: error: Unused "type: ignore" comment  [unused-ignore]
tests/test_core.py:29: error: Unused "type: ignore" comment  [unused-ignore]
tests/test_core.py:34: error: Unused "type: ignore" comment  [unused-ignore]
tests/test_core.py:39: error: Unused "type: ignore" comment  [unused-ignore]
tests/test_core.py:44: error: Unused "type: ignore" comment  [unused-ignore]
tests/test_core.py:49: error: Unused "type: ignore" comment  [unused-ignore]
tests/test_cli_extended.py:23: error: Unused "type: ignore" comment  [unused-ignore]
Found 29 errors in 15 files (checked 49 source files)
